<?xml version="1.0" encoding="UTF-8"?>
<!-- Generated by org.testng.reporters.JUnitReportReporter -->
<testsuite hostname="DESKTOP-3GH4U15" failures="0" tests="4" name="assets.GetAssetSurveyQuestions" time="23.799" errors="0" timestamp="1 Jul 2024 09:35:44 GMT">
  <testcase classname="assets.GetAssetSurveyQuestions" name="postCofiguration" time="1.283"/>
  <testcase classname="assets.GetAssetSurveyQuestions" name="getvehiclesurveyquestions" time="11.657"/>
  <testcase classname="assets.GetAssetSurveyQuestions" name="getallasets" time="9.334"/>
  <testcase classname="assets.GetAssetSurveyQuestions" name="getallasetsdetails" time="1.525"/>
</testsuite>
