<?xml version="1.0" encoding="UTF-8"?>
<!-- Generated by org.testng.reporters.JUnitReportReporter -->
<testsuite hostname="DESKTOP-3GH4U15" failures="0" tests="5" name="APITEST.VehiclesTakeoutSubmitCheck" time="48.004" errors="0" timestamp="11 Jun 2024 10:02:02 GMT">
  <testcase classname="APITEST.VehiclesTakeoutSubmitCheck" name="getvehiclesurveyquestions" time="15.929"/>
  <testcase classname="APITEST.VehiclesTakeoutSubmitCheck" name="postCofiguration" time="1.738"/>
  <testcase classname="APITEST.VehiclesTakeoutSubmitCheck" name="getallvehicles" time="7.823"/>
  <testcase classname="APITEST.VehiclesTakeoutSubmitCheck" name="getVehiclesCheckHistory" time="21.351"/>
  <testcase classname="APITEST.VehiclesTakeoutSubmitCheck" name="getallvehicledetails" time="1.163"/>
</testsuite>
