<?xml version="1.0" encoding="UTF-8"?>
<!-- Generated by org.testng.reporters.JUnitReportReporter -->
<testsuite hostname="DESKTOP-3GH4U15" failures="0" tests="4" name="APITEST.GetAssetSurveyQuestions" time="33.837" errors="0" timestamp="11 Jun 2024 10:02:02 GMT">
  <testcase classname="APITEST.GetAssetSurveyQuestions" name="getvehiclesurveyquestions" time="26.640"/>
  <testcase classname="APITEST.GetAssetSurveyQuestions" name="postCofiguration" time="1.724"/>
  <testcase classname="APITEST.GetAssetSurveyQuestions" name="getallasets" time="3.972"/>
  <testcase classname="APITEST.GetAssetSurveyQuestions" name="getallasetsdetails" time="1.501"/>
</testsuite>
