<?xml version="1.0" encoding="UTF-8"?>
<!-- Generated by org.testng.reporters.JUnitReportReporter -->
<testsuite hostname="DESKTOP-3GH4U15" failures="0" tests="4" name="APITEST.ReportAssetDefect" time="15.349" errors="0" timestamp="10 Jun 2024 14:11:55 GMT">
  <testcase classname="APITEST.ReportAssetDefect" name="ReportAssetDefect" time="2.086"/>
  <testcase classname="APITEST.ReportAssetDefect" name="getallasets" time="4.945"/>
  <testcase classname="APITEST.ReportAssetDefect" name="postCofiguration" time="6.688"/>
  <testcase classname="APITEST.ReportAssetDefect" name="getallasetsdetails" time="1.630"/>
</testsuite>
