<?xml version="1.0" encoding="UTF-8"?>
<!-- Generated by org.testng.reporters.JUnitReportReporter -->
<testsuite hostname="DESKTOP-3GH4U15" failures="0" tests="4" name="APITEST.GetVehicleSurveyQuestions" time="51.492" errors="0" timestamp="11 Jun 2024 10:02:02 GMT">
  <testcase classname="APITEST.GetVehicleSurveyQuestions" name="getallvehicles" time="8.075"/>
  <testcase classname="APITEST.GetVehicleSurveyQuestions" name="getvehiclesurveyquestions" time="40.415"/>
  <testcase classname="APITEST.GetVehicleSurveyQuestions" name="postCofiguration" time="1.829"/>
  <testcase classname="APITEST.GetVehicleSurveyQuestions" name="getallvehicledetails" time="1.173"/>
</testsuite>
