<?xml version="1.0" encoding="UTF-8"?>
<!-- Generated by org.testng.reporters.JUnitReportReporter -->
<testsuite hostname="DESKTOP-3GH4U15" failures="0" tests="5" name="APITEST.VehicleResolveDefect" time="13.921" errors="0" timestamp="3 Jun 2024 08:58:27 GMT">
  <testcase classname="APITEST.VehicleResolveDefect" name="getallvehicles" time="4.356"/>
  <testcase classname="APITEST.VehicleResolveDefect" name="VehicleResolveDefect" time="1.217"/>
  <testcase classname="APITEST.VehicleResolveDefect" name="getallvehicledetails" time="1.249"/>
  <testcase classname="APITEST.VehicleResolveDefect" name="postCofiguration" time="5.306"/>
  <testcase classname="APITEST.VehicleResolveDefect" name="uploadimage" time="1.793"/>
</testsuite>
