<?xml version="1.0" encoding="UTF-8"?>
<!-- Generated by org.testng.reporters.JUnitReportReporter -->
<testsuite hostname="DESKTOP-3GH4U15" failures="0" tests="2" name="assets.Configuration" time="10.202" errors="0" timestamp="1 Jul 2024 09:35:44 GMT">
  <testcase classname="assets.Configuration" name="postCofiguration" time="8.929"/>
  <testcase classname="assets.Configuration" name="ConfigurationAPI" time="1.273"/>
</testsuite>
