<?xml version="1.0" encoding="UTF-8"?>
<!-- Generated by org.testng.reporters.JUnitReportReporter -->
<testsuite hostname="DESKTOP-3GH4U15" failures="0" tests="2" name="vehicles.Fetchllmessages" time="6.493" errors="0" timestamp="1 Jul 2024 05:15:20 GMT">
  <testcase classname="vehicles.Fetchllmessages" name="getalltrailers" time="2.287"/>
  <testcase classname="vehicles.Fetchllmessages" name="postCofiguration" time="4.206"/>
</testsuite>
