<?xml version="1.0" encoding="UTF-8"?>
<!-- Generated by org.testng.reporters.JUnitReportReporter -->
<testsuite hostname="DESKTOP-3GH4U15" failures="0" tests="3" name="assets.Loginapi_credentials" time="3.649" errors="0" timestamp="1 Jul 2024 09:35:44 GMT">
  <testcase classname="assets.Loginapi_credentials" name="LoginAPIwithinvalidcredentials" time="0.916"/>
  <testcase classname="assets.Loginapi_credentials" name="LoginAPIwithvalidcredentials" time="1.831"/>
  <testcase classname="assets.Loginapi_credentials" name="Loginwithinvalidemail" time="0.902"/>
</testsuite>
