<?xml version="1.0" encoding="UTF-8"?>
<!-- Generated by org.testng.reporters.JUnitReportReporter -->
<testsuite hostname="DESKTOP-3GH4U15" failures="0" tests="2" name="vehicles.Getallvehicles" time="64.842" errors="0" timestamp="1 Jul 2024 05:15:20 GMT">
  <testcase classname="vehicles.Getallvehicles" name="getallvehicles" time="61.077"/>
  <testcase classname="vehicles.Getallvehicles" name="postCofiguration" time="3.765"/>
</testsuite>
