<?xml version="1.0" encoding="UTF-8"?>
<!-- Generated by org.testng.reporters.JUnitReportReporter -->
<testsuite hostname="DESKTOP-3GH4U15" failures="0" tests="2" name="assets.Getallassets" time="8.046" errors="0" timestamp="1 Jul 2024 09:35:44 GMT">
  <testcase classname="assets.Getallassets" name="postCofiguration" time="1.082"/>
  <testcase classname="assets.Getallassets" name="getallasets" time="6.964"/>
</testsuite>
