<?xml version="1.0" encoding="UTF-8"?>
<!-- Generated by org.testng.reporters.JUnitReportReporter -->
<testsuite hostname="DESKTOP-3GH4U15" failures="0" tests="2" name="APITEST.GetWorkshopCompanies" time="3.839" errors="0" timestamp="11 Jun 2024 10:02:02 GMT">
  <testcase classname="APITEST.GetWorkshopCompanies" name="getallasets" time="1.172"/>
  <testcase classname="APITEST.GetWorkshopCompanies" name="postCofiguration" time="2.667"/>
</testsuite>
