<?xml version="1.0" encoding="UTF-8"?>
<!-- Generated by org.testng.reporters.JUnitReportReporter -->
<testsuite hostname="DESKTOP-3GH4U15" failures="0" tests="3" name="assets.Getallassetsdetails" time="10.505" errors="0" timestamp="1 Jul 2024 09:35:44 GMT">
  <testcase classname="assets.Getallassetsdetails" name="getallasetsdetails" time="1.490"/>
  <testcase classname="assets.Getallassetsdetails" name="postCofiguration" time="1.184"/>
  <testcase classname="assets.Getallassetsdetails" name="getallasets" time="7.831"/>
</testsuite>
