<?xml version="1.0" encoding="UTF-8"?>
<!-- Generated by org.testng.reporters.JUnitReportReporter -->
<testsuite hostname="DESKTOP-3GH4U15" failures="0" tests="4" name="APITEST.GetVehiclesCheckHistory" time="18.320" errors="0" timestamp="11 Jun 2024 10:02:02 GMT">
  <testcase classname="APITEST.GetVehiclesCheckHistory" name="getallvehicleshistory" time="1.344"/>
  <testcase classname="APITEST.GetVehiclesCheckHistory" name="getVehiclesCheckHistory" time="1.122"/>
  <testcase classname="APITEST.GetVehiclesCheckHistory" name="postCofiguration" time="5.640"/>
  <testcase classname="APITEST.GetVehiclesCheckHistory" name="getallvehicles" time="10.214"/>
</testsuite>
