<?xml version="1.0" encoding="UTF-8"?>
<!-- Generated by org.testng.reporters.JUnitReportReporter -->
<testsuite hostname="DESKTOP-3GH4U15" failures="0" tests="7" name="APITEST.SyncApi" time="40.969" errors="0" timestamp="11 Jun 2024 10:02:02 GMT">
  <testcase classname="APITEST.SyncApi" name="callSyncApi" time="3.111"/>
  <testcase classname="APITEST.SyncApi" name="getallasetsdetails" time="1.323"/>
  <testcase classname="APITEST.SyncApi" name="getvehiclesurveyquestions" time="17.466"/>
  <testcase classname="APITEST.SyncApi" name="getallasets" time="6.801"/>
  <testcase classname="APITEST.SyncApi" name="getallvehicles" time="9.378"/>
  <testcase classname="APITEST.SyncApi" name="postCofiguration" time="1.728"/>
  <testcase classname="APITEST.SyncApi" name="getallvehicledetails" time="1.162"/>
</testsuite>
