<?xml version="1.0" encoding="UTF-8"?>
<!-- Generated by org.testng.reporters.JUnitReportReporter -->
<testsuite hostname="DESKTOP-3GH4U15" failures="0" tests="2" name="assets.Getalltrailers" time="2.375" errors="0" timestamp="1 Jul 2024 09:35:44 GMT">
  <testcase classname="assets.Getalltrailers" name="getalltrailers" time="1.102"/>
  <testcase classname="assets.Getalltrailers" name="postCofiguration" time="1.273"/>
</testsuite>
