<?xml version="1.0" encoding="UTF-8"?>
<!-- Generated by org.testng.reporters.JUnitReportReporter -->
<testsuite hostname="DESKTOP-3GH4U15" failures="0" tests="4" name="assets.AssetReportDefect" time="15.016" errors="0" timestamp="1 Jul 2024 09:35:44 GMT">
  <testcase classname="assets.AssetReportDefect" name="getallasetsdetails" time="1.484"/>
  <testcase classname="assets.AssetReportDefect" name="ReportAssetDefect" time="0.915"/>
  <testcase classname="assets.AssetReportDefect" name="getallasets" time="10.839"/>
  <testcase classname="assets.AssetReportDefect" name="postCofiguration" time="1.778"/>
</testsuite>
