<?xml version="1.0" encoding="UTF-8"?>
<!-- Generated by org.testng.reporters.JUnitReportReporter -->
<testsuite hostname="DESKTOP-3GH4U15" failures="0" tests="5" name="APITEST.VehicleReportDefect" time="16.377" errors="0" timestamp="31 May 2024 13:00:52 GMT">
  <testcase classname="APITEST.VehicleReportDefect" name="getallvehicledetails" time="1.462"/>
  <testcase classname="APITEST.VehicleReportDefect" name="postCofiguration" time="4.761"/>
  <testcase classname="APITEST.VehicleReportDefect" name="getallvehicles" time="5.594"/>
  <testcase classname="APITEST.VehicleReportDefect" name="VehicleReportDefect" time="1.621"/>
  <testcase classname="APITEST.VehicleReportDefect" name="getvehiclesurveyquestions" time="2.939"/>
</testsuite>
