<?xml version="1.0" encoding="UTF-8"?>
<!-- Generated by org.testng.reporters.JUnitReportReporter -->
<testsuite hostname="DESKTOP-3GH4U15" failures="0" tests="4" name="APITEST.Messages" time="5.880" errors="0" timestamp="11 Jun 2024 10:02:02 GMT">
  <testcase classname="APITEST.Messages" name="getMessageDetail" time="1.140"/>
  <testcase classname="APITEST.Messages" name="acknowledgeMessage" time="1.206"/>
  <testcase classname="APITEST.Messages" name="postCofiguration" time="2.396"/>
  <testcase classname="APITEST.Messages" name="getAllMessageList" time="1.138"/>
</testsuite>
