<?xml version="1.0" encoding="UTF-8"?>
<!-- Generated by org.testng.reporters.JUnitReportReporter -->
<testsuite hostname="DESKTOP-3GH4U15" failures="0" tests="2" name="APITEST.Getallvehicleswithjenkins" time="12.153" errors="0" timestamp="2024-04-26T16:19:49 IST" skipped="0">
  <testcase classname="APITEST.Getallvehicleswithjenkins" name="getallvehicles" time="5.660"/>
  <system-out/>
  <testcase classname="APITEST.Getallvehicleswithjenkins" name="postCofiguration" time="6.493"/>
  <system-out/>
</testsuite> <!-- APITEST.Getallvehicleswithjenkins -->
