<?xml version="1.0" encoding="UTF-8"?>
<!-- Generated by org.testng.reporters.JUnitReportReporter -->
<testsuite hostname="DESKTOP-3GH4U15" failures="0" tests="5" name="APITEST.VehiclesReturnSubmitCheck" time="28.368" errors="0" timestamp="11 Jun 2024 10:02:02 GMT">
  <testcase classname="APITEST.VehiclesReturnSubmitCheck" name="getallvehicles" time="7.417"/>
  <testcase classname="APITEST.VehiclesReturnSubmitCheck" name="getallvehicledetails" time="1.194"/>
  <testcase classname="APITEST.VehiclesReturnSubmitCheck" name="getvehiclesurveyquestions" time="15.838"/>
  <testcase classname="APITEST.VehiclesReturnSubmitCheck" name="postCofiguration" time="1.738"/>
  <testcase classname="APITEST.VehiclesReturnSubmitCheck" name="submitVehiclesReturnSubmitCheck" time="2.181"/>
</testsuite>
