<?xml version="1.0" encoding="UTF-8"?>
<!-- Generated by org.testng.reporters.JUnitReportReporter -->
<testsuite hostname="DESKTOP-3GH4U15" failures="0" tests="4" name="APITEST.Uploadimage" time="12.992" errors="0" timestamp="11 Jun 2024 10:02:02 GMT">
  <testcase classname="APITEST.Uploadimage" name="getallvehicledetails" time="1.133"/>
  <testcase classname="APITEST.Uploadimage" name="getallvehicles" time="8.332"/>
  <testcase classname="APITEST.Uploadimage" name="postCofiguration" time="1.671"/>
  <testcase classname="APITEST.Uploadimage" name="uploadimage" time="1.856"/>
</testsuite>
