<?xml version="1.0" encoding="UTF-8"?>
<!-- Generated by org.testng.reporters.JUnitReportReporter -->
<testsuite hostname="DESKTOP-3GH4U15" failures="0" tests="4" name="assets.AssetReturnSubmitCheck" time="11.086" errors="0" timestamp="1 Jul 2024 09:35:44 GMT">
  <testcase classname="assets.AssetReturnSubmitCheck" name="getallasets" time="7.693"/>
  <testcase classname="assets.AssetReturnSubmitCheck" name="getallasetsdetails" time="1.463"/>
  <testcase classname="assets.AssetReturnSubmitCheck" name="postCofiguration" time="1.064"/>
  <testcase classname="assets.AssetReturnSubmitCheck" name="Assettakeoutsubmitcheck" time="0.866"/>
</testsuite>
