<?xml version="1.0" encoding="UTF-8"?>
<!-- Generated by org.testng.reporters.JUnitReportReporter -->
<testsuite hostname="DESKTOP-3GH4U15" failures="0" tests="3" name="APITEST.VehiclesCheckHistory" time="22.484" errors="0" timestamp="28 May 2024 07:22:51 GMT">
  <testcase classname="APITEST.VehiclesCheckHistory" name="VehiclesCheckHistory" time="1.038"/>
  <testcase classname="APITEST.VehiclesCheckHistory" name="getallvehicles" time="16.853"/>
  <testcase classname="APITEST.VehiclesCheckHistory" name="postCofiguration" time="4.593"/>
</testsuite>
