<?xml version="1.0" encoding="UTF-8"?>
<!-- Generated by org.testng.reporters.JUnitReportReporter -->
<testsuite hostname="DESKTOP-3GH4U15" failures="0" tests="3" name="vehicles.Getallvehicleshistory" time="67.418" errors="0" timestamp="1 Jul 2024 05:15:20 GMT">
  <testcase classname="vehicles.Getallvehicleshistory" name="postCofiguration" time="4.667"/>
  <testcase classname="vehicles.Getallvehicleshistory" name="getallvehicles" time="61.008"/>
  <testcase classname="vehicles.Getallvehicleshistory" name="getallvehicleshistory" time="1.743"/>
</testsuite>
