<?xml version="1.0" encoding="UTF-8"?>
<!-- Generated by org.testng.reporters.JUnitReportReporter -->
<testsuite hostname="DESKTOP-3GH4U15" failures="0" tests="1" name="assets.EntryGateApi" time="0.705" errors="0" timestamp="1 Jul 2024 09:35:44 GMT">
  <testcase classname="assets.EntryGateApi" name="postCofiguration" time="0.705"/>
</testsuite>
