<?xml version="1.0" encoding="UTF-8"?>
<!-- Generated by org.testng.reporters.JUnitReportReporter -->
<testsuite hostname="DESKTOP-3GH4U15" failures="0" tests="1" name="assets.LoginAPI" time="1.327" errors="0" timestamp="1 Jul 2024 09:35:44 GMT">
  <testcase classname="assets.LoginAPI" name="postCofiguration" time="1.327"/>
</testsuite>
