<?xml version="1.0" encoding="UTF-8"?>
<!-- Generated by org.testng.reporters.JUnitReportReporter -->
<testsuite hostname="DESKTOP-3GH4U15" failures="0" tests="3" name="APITEST.getVehicleStatus" time="10.982" errors="0" timestamp="11 Jun 2024 10:02:02 GMT">
  <testcase classname="APITEST.getVehicleStatus" name="getallvehicles" time="7.880"/>
  <testcase classname="APITEST.getVehicleStatus" name="postCofiguration" time="1.975"/>
  <testcase classname="APITEST.getVehicleStatus" name="getvehiclestatus" time="1.127"/>
</testsuite>
