<?xml version="1.0" encoding="UTF-8"?>
<!-- Generated by org.testng.reporters.JUnitReportReporter -->
<testsuite hostname="DESKTOP-3GH4U15" failures="0" tests="4" name="assets.AssetTakeoutSubmitCheck" time="10.880" errors="0" timestamp="1 Jul 2024 09:35:44 GMT">
  <testcase classname="assets.AssetTakeoutSubmitCheck" name="getallasets" time="7.104"/>
  <testcase classname="assets.AssetTakeoutSubmitCheck" name="getallasetsdetails" time="1.764"/>
  <testcase classname="assets.AssetTakeoutSubmitCheck" name="Assettakeoutsubmitcheck" time="0.937"/>
  <testcase classname="assets.AssetTakeoutSubmitCheck" name="postCofiguration" time="1.075"/>
</testsuite>
