<?xml version="1.0" encoding="UTF-8"?>
<!-- Generated by org.testng.reporters.JUnitReportReporter -->
<testsuite hostname="DESKTOP-3GH4U15" failures="0" tests="5" name="assets.AssetResolveDefect" time="13.221" errors="0" timestamp="1 Jul 2024 09:35:44 GMT">
  <testcase classname="assets.AssetResolveDefect" name="getallasetsdetails" time="1.552"/>
  <testcase classname="assets.AssetResolveDefect" name="getallasets" time="7.788"/>
  <testcase classname="assets.AssetResolveDefect" name="VehicleResolveDefect" time="1.146"/>
  <testcase classname="assets.AssetResolveDefect" name="uploadimage" time="1.616"/>
  <testcase classname="assets.AssetResolveDefect" name="postCofiguration" time="1.119"/>
</testsuite>
