<?xml version="1.0" encoding="UTF-8"?>
<!-- Generated by org.testng.reporters.JUnitReportReporter -->
<testsuite hostname="DESKTOP-3GH4U15" failures="0" tests="2" name="APITEST.Getallassets" time="6.777" errors="0" timestamp="11 Jun 2024 10:02:02 GMT">
  <testcase classname="APITEST.Getallassets" name="postCofiguration" time="1.675"/>
  <testcase classname="APITEST.Getallassets" name="getallasets" time="5.102"/>
</testsuite>
