<?xml version="1.0" encoding="UTF-8"?>
<!-- Generated by org.testng.reporters.JUnitReportReporter -->
<testsuite hostname="DESKTOP-3GH4U15" failures="0" tests="3" name="APITEST.Getvehicledefects" time="12.657" errors="0" timestamp="11 Jun 2024 10:02:02 GMT">
  <testcase classname="APITEST.Getvehicledefects" name="postCofiguration" time="1.723"/>
  <testcase classname="APITEST.Getvehicledefects" name="getallvehicles" time="9.787"/>
  <testcase classname="APITEST.Getvehicledefects" name="getvehicledefects" time="1.147"/>
</testsuite>
