<?xml version="1.0" encoding="UTF-8"?>
<!-- Generated by org.testng.reporters.JUnitReportReporter -->
<testsuite hostname="DESKTOP-3GH4U15" failures="0" tests="4" name="APITEST.AssetReportDefect" time="20.056" errors="0" timestamp="11 Jun 2024 11:02:28 GMT">
  <testcase classname="APITEST.AssetReportDefect" name="ReportAssetDefect" time="1.469"/>
  <testcase classname="APITEST.AssetReportDefect" name="getallasets" time="10.576"/>
  <testcase classname="APITEST.AssetReportDefect" name="postCofiguration" time="5.688"/>
  <testcase classname="APITEST.AssetReportDefect" name="getallasetsdetails" time="2.323"/>
</testsuite>
