<?xml version="1.0" encoding="UTF-8"?>
<!-- Generated by org.testng.reporters.JUnitReportReporter -->
<testsuite hostname="DESKTOP-3GH4U15" failures="0" tests="4" name="vehicles.GetVehiclesCheckHistory" time="68.988" errors="0" timestamp="1 Jul 2024 05:15:20 GMT">
  <testcase classname="vehicles.GetVehiclesCheckHistory" name="getVehiclesCheckHistory" time="2.306"/>
  <testcase classname="vehicles.GetVehiclesCheckHistory" name="getallvehicles" time="61.002"/>
  <testcase classname="vehicles.GetVehiclesCheckHistory" name="postCofiguration" time="4.100"/>
  <testcase classname="vehicles.GetVehiclesCheckHistory" name="getallvehicleshistory" time="1.580"/>
</testsuite>
