<?xml version="1.0" encoding="UTF-8"?>
<!-- Generated by org.testng.reporters.JUnitReportReporter -->
<testsuite hostname="DESKTOP-3GH4U15" failures="0" tests="4" name="assets.UploadimageAsset" time="11.038" errors="0" timestamp="1 Jul 2024 09:35:44 GMT">
  <testcase classname="assets.UploadimageAsset" name="getallasetsdetails" time="1.432"/>
  <testcase classname="assets.UploadimageAsset" name="uploadimage" time="1.471"/>
  <testcase classname="assets.UploadimageAsset" name="getallasets" time="6.994"/>
  <testcase classname="assets.UploadimageAsset" name="postCofiguration" time="1.141"/>
</testsuite>
