<?xml version="1.0" encoding="UTF-8"?>
<!-- Generated by org.testng.reporters.JUnitReportReporter -->
<testsuite hostname="DESKTOP-3GH4U15" failures="0" tests="3" name="vehicles.Getvehicledefects" time="71.710" errors="0" timestamp="1 Jul 2024 05:15:20 GMT">
  <testcase classname="vehicles.Getvehicledefects" name="getvehicledefects" time="1.915"/>
  <testcase classname="vehicles.Getvehicledefects" name="getallvehicles" time="62.443"/>
  <testcase classname="vehicles.Getvehicledefects" name="postCofiguration" time="7.352"/>
</testsuite>
