<?xml version="1.0" encoding="UTF-8"?>
<!-- Generated by org.testng.reporters.JUnitReportReporter -->
<testsuite hostname="DESKTOP-3GH4U15" failures="0" tests="4" name="vehicles.Messages" time="11.111" errors="0" timestamp="1 Jul 2024 05:15:20 GMT">
  <testcase classname="vehicles.Messages" name="postCofiguration" time="4.305"/>
  <testcase classname="vehicles.Messages" name="getMessageDetail" time="3.183"/>
  <testcase classname="vehicles.Messages" name="getAllMessageList" time="1.961"/>
  <testcase classname="vehicles.Messages" name="acknowledgeMessage" time="1.662"/>
</testsuite>
