<?xml version="1.0" encoding="UTF-8"?>
<!-- Generated by org.testng.reporters.JUnitReportReporter -->
<testsuite hostname="DESKTOP-3GH4U15" failures="0" tests="1" name="APITEST.LoginAPI" time="9.594" errors="0" timestamp="27 Jun 2024 05:10:03 GMT">
  <testcase classname="APITEST.LoginAPI" name="postCofiguration" time="9.594"/>
</testsuite>
