<?xml version="1.0" encoding="UTF-8"?>
<!-- Generated by org.testng.reporters.JUnitReportReporter -->
<testsuite hostname="DESKTOP-3GH4U15" failures="0" tests="2" name="APITEST.Getallvehicleswithjenkins2" time="15.382" errors="0" timestamp="2024-04-26T17:53:19 IST" skipped="0">
  <testcase classname="APITEST.Getallvehicleswithjenkins2" name="postCofiguration" time="5.825"/>
  <system-out/>
  <testcase classname="APITEST.Getallvehicleswithjenkins2" name="getallvehicles" time="9.557"/>
  <system-out/>
</testsuite> <!-- APITEST.Getallvehicleswithjenkins2 -->
