<?xml version="1.0" encoding="UTF-8"?>
<!-- Generated by org.testng.reporters.JUnitReportReporter -->
<testsuite hostname="DESKTOP-3GH4U15" failures="0" tests="4" name="APITEST.AssetTakeoutSubmitCheck" time="14.283" errors="0" timestamp="11 Jun 2024 10:47:51 GMT">
  <testcase classname="APITEST.AssetTakeoutSubmitCheck" name="Assettakeoutsubmitcheck" time="1.423"/>
  <testcase classname="APITEST.AssetTakeoutSubmitCheck" name="getallasets" time="4.318"/>
  <testcase classname="APITEST.AssetTakeoutSubmitCheck" name="postCofiguration" time="7.264"/>
  <testcase classname="APITEST.AssetTakeoutSubmitCheck" name="getallasetsdetails" time="1.278"/>
</testsuite>
