<?xml version="1.0" encoding="UTF-8"?>
<!-- Generated by org.testng.reporters.JUnitReportReporter -->
<testsuite hostname="DESKTOP-3GH4U15" failures="0" tests="2" name="vehicles.GetWorkshopCompanies" time="6.092" errors="0" timestamp="1 Jul 2024 05:15:20 GMT">
  <testcase classname="vehicles.GetWorkshopCompanies" name="getallasets" time="2.062"/>
  <testcase classname="vehicles.GetWorkshopCompanies" name="postCofiguration" time="4.030"/>
</testsuite>
