<?xml version="1.0" encoding="UTF-8"?>
<!-- Generated by org.testng.reporters.JUnitReportReporter -->
<testsuite hostname="DESKTOP-3GH4U15" failures="0" tests="3" name="APITEST.Getallvehicleshistory" time="12.399" errors="0" timestamp="11 Jun 2024 10:02:02 GMT">
  <testcase classname="APITEST.Getallvehicleshistory" name="getallvehicleshistory" time="1.304"/>
  <testcase classname="APITEST.Getallvehicleshistory" name="getallvehicles" time="9.245"/>
  <testcase classname="APITEST.Getallvehicleshistory" name="postCofiguration" time="1.850"/>
</testsuite>
