<?xml version="1.0" encoding="UTF-8"?>
<!-- Generated by org.testng.reporters.JUnitReportReporter -->
<testsuite hostname="DESKTOP-3GH4U15" failures="0" tests="3" name="APITEST.Getallvehiclesdetails" time="10.907" errors="0" timestamp="11 Jun 2024 10:02:02 GMT">
  <testcase classname="APITEST.Getallvehiclesdetails" name="getallvehicledetails" time="1.128"/>
  <testcase classname="APITEST.Getallvehiclesdetails" name="getallvehicles" time="7.947"/>
  <testcase classname="APITEST.Getallvehiclesdetails" name="postCofiguration" time="1.832"/>
</testsuite>
