<?xml version="1.0" encoding="UTF-8"?>
<!-- Generated by org.testng.reporters.JUnitReportReporter -->
<testsuite hostname="DESKTOP-3GH4U15" failures="0" tests="2" name="APITEST.forgotPassword" time="2.828" errors="0" timestamp="11 Jun 2024 10:02:02 GMT">
  <testcase classname="APITEST.forgotPassword" name="forgotPasswordInvalid" time="1.298"/>
  <testcase classname="APITEST.forgotPassword" name="forgotPasswordvalid" time="1.530"/>
</testsuite>
