<?xml version="1.0" encoding="UTF-8"?>
<!-- Generated by org.testng.reporters.JUnitReportReporter -->
<testsuite hostname="DESKTOP-3GH4U15" failures="0" tests="3" name="vehicles.Getallvehiclesdetails" time="66.901" errors="0" timestamp="1 Jul 2024 05:15:20 GMT">
  <testcase classname="vehicles.Getallvehiclesdetails" name="postCofiguration" time="4.066"/>
  <testcase classname="vehicles.Getallvehiclesdetails" name="getallvehicles" time="60.974"/>
  <testcase classname="vehicles.Getallvehiclesdetails" name="getallvehicledetails" time="1.861"/>
</testsuite>
