<?xml version="1.0" encoding="UTF-8"?>
<!-- Generated by org.testng.reporters.JUnitReportReporter -->
<testsuite hostname="DESKTOP-3GH4U15" failures="0" tests="2" name="vehicles.Configuration" time="5.832" errors="0" timestamp="1 Jul 2024 05:15:20 GMT">
  <testcase classname="vehicles.Configuration" name="ConfigurationAPI" time="1.635"/>
  <testcase classname="vehicles.Configuration" name="postCofiguration" time="4.197"/>
</testsuite>
