<?xml version="1.0" encoding="UTF-8"?>
<!-- Generated by org.testng.reporters.JUnitReportReporter -->
<testsuite hostname="DESKTOP-3GH4U15" failures="0" tests="2" name="APITEST.Configuration" time="3.005" errors="0" timestamp="11 Jun 2024 10:02:02 GMT">
  <testcase classname="APITEST.Configuration" name="ConfigurationAPI" time="1.184"/>
  <testcase classname="APITEST.Configuration" name="postCofiguration" time="1.821"/>
</testsuite>
