<?xml version="1.0" encoding="UTF-8"?>
<!-- Generated by org.testng.reporters.JUnitReportReporter -->
<testsuite hostname="DESKTOP-3GH4U15" failures="0" tests="3" name="APITEST.demoGETAPI" time="7.760" errors="0" timestamp="2024-04-24T19:56:58 IST" skipped="0">
  <testcase classname="APITEST.demoGETAPI" name="getCofiguration" time="5.175"/>
  <system-out/>
  <testcase classname="APITEST.demoGETAPI" name="postCofiguration" time="1.498"/>
  <system-out/>
  <testcase classname="APITEST.demoGETAPI" name="posttockenCofiguration" time="1.087"/>
  <system-out/>
</testsuite> <!-- APITEST.demoGETAPI -->
