<?xml version="1.0" encoding="UTF-8"?>
<!-- Generated by org.testng.reporters.JUnitReportReporter -->
<testsuite hostname="DESKTOP-3GH4U15" failures="0" tests="1" name="vehicles.NewTest" time="0.022" errors="0" timestamp="1 Jul 2024 05:15:20 GMT">
  <testcase classname="vehicles.NewTest" name="f" time="0.022"/>
</testsuite>
