<?xml version="1.0" encoding="UTF-8"?>
<!-- Generated by org.testng.reporters.JUnitReportReporter -->
<testsuite hostname="DESKTOP-3GH4U15" failures="0" tests="4" name="APITEST.AssetReturnSubmitCheck" time="13.087" errors="0" timestamp="11 Jun 2024 10:42:52 GMT">
  <testcase classname="APITEST.AssetReturnSubmitCheck" name="Assettakeoutsubmitcheck" time="1.402"/>
  <testcase classname="APITEST.AssetReturnSubmitCheck" name="getallasets" time="4.344"/>
  <testcase classname="APITEST.AssetReturnSubmitCheck" name="postCofiguration" time="5.771"/>
  <testcase classname="APITEST.AssetReturnSubmitCheck" name="getallasetsdetails" time="1.570"/>
</testsuite>
