<?xml version="1.0" encoding="UTF-8"?>
<!-- Generated by org.testng.reporters.JUnitReportReporter -->
<testsuite hostname="DESKTOP-3GH4U15" failures="0" tests="3" name="vehicles.Loginapi_credentials" time="21.175" errors="0" timestamp="1 Jul 2024 05:15:20 GMT">
  <testcase classname="vehicles.Loginapi_credentials" name="LoginAPIwithvalidcredentials" time="13.478"/>
  <testcase classname="vehicles.Loginapi_credentials" name="Loginwithinvalidemail" time="4.214"/>
  <testcase classname="vehicles.Loginapi_credentials" name="LoginAPIwithinvalidcredentials" time="3.483"/>
</testsuite>
