<?xml version="1.0" encoding="UTF-8"?>
<!-- Generated by org.testng.reporters.JUnitReportReporter -->
<testsuite hostname="DESKTOP-3GH4U15" failures="0" tests="3" name="APITEST.Getallassetsdetails" time="6.600" errors="0" timestamp="11 Jun 2024 10:02:02 GMT">
  <testcase classname="APITEST.Getallassetsdetails" name="getallasetsdetails" time="1.176"/>
  <testcase classname="APITEST.Getallassetsdetails" name="postCofiguration" time="1.651"/>
  <testcase classname="APITEST.Getallassetsdetails" name="getallasets" time="3.773"/>
</testsuite>
