<?xml version="1.0" encoding="UTF-8"?>
<!-- Generated by org.testng.reporters.JUnitReportReporter -->
<testsuite hostname="DESKTOP-3GH4U15" failures="0" tests="1" name="APITEST.EntryGateApi" time="0.999" errors="0" timestamp="11 Jun 2024 10:02:02 GMT">
  <testcase classname="APITEST.EntryGateApi" name="postCofiguration" time="0.999"/>
</testsuite>
