<?xml version="1.0" encoding="UTF-8"?>
<!-- Generated by org.testng.reporters.JUnitReportReporter -->
<testsuite hostname="DESKTOP-3GH4U15" failures="0" tests="2" name="APITEST.Getalltrailers" time="3.177" errors="0" timestamp="11 Jun 2024 10:02:02 GMT">
  <testcase classname="APITEST.Getalltrailers" name="postCofiguration" time="1.826"/>
  <testcase classname="APITEST.Getalltrailers" name="getalltrailers" time="1.351"/>
</testsuite>
