<?xml version="1.0" encoding="UTF-8"?>
<!-- Generated by org.testng.reporters.JUnitReportReporter -->
<testsuite hostname="DESKTOP-3GH4U15" failures="0" tests="4" name="vehicles.Uploadimage" time="75.278" errors="0" timestamp="1 Jul 2024 05:15:20 GMT">
  <testcase classname="vehicles.Uploadimage" name="uploadimage" time="8.845"/>
  <testcase classname="vehicles.Uploadimage" name="getallvehicledetails" time="1.581"/>
  <testcase classname="vehicles.Uploadimage" name="postCofiguration" time="3.928"/>
  <testcase classname="vehicles.Uploadimage" name="getallvehicles" time="60.924"/>
</testsuite>
