<?xml version="1.0" encoding="UTF-8"?>
<!-- Generated by org.testng.reporters.JUnitReportReporter -->
<testsuite hostname="DESKTOP-3GH4U15" failures="0" tests="3" name="APITEST.getMessageDetail" time="9.057" errors="0" timestamp="4 Jun 2024 13:24:48 GMT">
  <testcase classname="APITEST.getMessageDetail" name="getAllMessageList" time="1.632"/>
  <testcase classname="APITEST.getMessageDetail" name="postCofiguration" time="5.791"/>
  <testcase classname="APITEST.getMessageDetail" name="getMessageDetail" time="1.634"/>
</testsuite>
