<?xml version="1.0" encoding="UTF-8"?>
<!-- Generated by org.testng.reporters.JUnitReportReporter -->
<testsuite hostname="DESKTOP-3GH4U15" failures="0" tests="4" name="APITEST.UploadimageAsset" time="9.470" errors="0" timestamp="11 Jun 2024 10:02:02 GMT">
  <testcase classname="APITEST.UploadimageAsset" name="getallasetsdetails" time="1.195"/>
  <testcase classname="APITEST.UploadimageAsset" name="postCofiguration" time="2.262"/>
  <testcase classname="APITEST.UploadimageAsset" name="uploadimage" time="1.882"/>
  <testcase classname="APITEST.UploadimageAsset" name="getallasets" time="4.131"/>
</testsuite>
