<?xml version="1.0" encoding="UTF-8"?>
<!-- Generated by org.testng.reporters.JUnitReportReporter -->
<testsuite hostname="DESKTOP-3GH4U15" failures="0" tests="4" name="vehicles.GetVehicleSurveyQuestions" time="268.626" errors="0" timestamp="1 Jul 2024 05:15:20 GMT">
  <testcase classname="vehicles.GetVehicleSurveyQuestions" name="getallvehicles" time="61.049"/>
  <testcase classname="vehicles.GetVehicleSurveyQuestions" name="getallvehicledetails" time="3.089"/>
  <testcase classname="vehicles.GetVehicleSurveyQuestions" name="postCofiguration" time="4.705"/>
  <testcase classname="vehicles.GetVehicleSurveyQuestions" name="getvehiclesurveyquestions" time="199.783"/>
</testsuite>
