<?xml version="1.0" encoding="UTF-8"?>
<!-- Generated by org.testng.reporters.JUnitReportReporter -->
<testsuite hostname="DESKTOP-3GH4U15" failures="0" tests="4" name="vehicles.getMessageDetail" time="15.114" errors="0" timestamp="1 Jul 2024 04:38:21 GMT">
  <testcase classname="vehicles.getMessageDetail" name="acknowledgeMessage" time="2.319"/>
  <testcase classname="vehicles.getMessageDetail" name="getAllMessageList" time="2.063"/>
  <testcase classname="vehicles.getMessageDetail" name="postCofiguration" time="7.586"/>
  <testcase classname="vehicles.getMessageDetail" name="getMessageDetail" time="3.146"/>
</testsuite>
