<?xml version="1.0" encoding="UTF-8"?>
<!-- Generated by org.testng.reporters.JUnitReportReporter -->
<testsuite hostname="DESKTOP-3GH4U15" failures="0" tests="2" name="APITEST.Getallvehicles" time="9.673" errors="0" timestamp="11 Jun 2024 10:02:02 GMT">
  <testcase classname="APITEST.Getallvehicles" name="postCofiguration" time="1.732"/>
  <testcase classname="APITEST.Getallvehicles" name="getallvehicles" time="7.941"/>
</testsuite>
