<?xml version="1.0" encoding="UTF-8"?>
<!-- Generated by org.testng.reporters.JUnitReportReporter -->
<testsuite hostname="DESKTOP-3GH4U15" failures="0" tests="3" name="APITEST.Loginapi_credentials" time="4.035" errors="0" timestamp="11 Jun 2024 10:02:02 GMT">
  <testcase classname="APITEST.Loginapi_credentials" name="LoginAPIwithvalidcredentials" time="1.752"/>
  <testcase classname="APITEST.Loginapi_credentials" name="Loginwithinvalidemail" time="1.139"/>
  <testcase classname="APITEST.Loginapi_credentials" name="LoginAPIwithinvalidcredentials" time="1.144"/>
</testsuite>
