<?xml version="1.0" encoding="UTF-8"?>
<!-- Generated by org.testng.reporters.JUnitReportReporter -->
<testsuite hostname="DESKTOP-3GH4U15" failures="0" tests="5" name="APITEST.AssetResolveDefect" time="13.969" errors="0" timestamp="11 Jun 2024 10:06:54 GMT">
  <testcase classname="APITEST.AssetResolveDefect" name="getallasets" time="4.100"/>
  <testcase classname="APITEST.AssetResolveDefect" name="postCofiguration" time="5.360"/>
  <testcase classname="APITEST.AssetResolveDefect" name="getallasetsdetails" time="1.398"/>
  <testcase classname="APITEST.AssetResolveDefect" name="uploadimage" time="1.880"/>
  <testcase classname="APITEST.AssetResolveDefect" name="VehicleResolveDefect" time="1.231"/>
</testsuite>
